{"num_hashes":1990689,"id":[37,119,72,25,33,125,212,180,26,95,142,28,232,255,144,116,134,5,231,86,70,3,85,58,235,160,193,97,85,200,27,175],"events":[]}
{"num_hashes":1938180,"id":[165,14,50,198,136,33,107,19,63,245,150,33,50,113,191,119,215,191,68,247,97,151,78,79,126,215,210,85,115,72,2,63],"events":[]}
{"num_hashes":2021317,"id":[226,14,243,250,66,222,35,133,19,223,205,169,237,128,149,222,168,250,243,111,144,210,25,141,181,208,7,4,178,169,108,122],"events":[]}
{"num_hashes":1938592,"id":[74,10,120,221,17,184,183,187,131,103,84,142,125,13,153,202,3,42,92,198,43,207,33,199,15,5,219,56,22,151,163,114],"events":[]}
{"num_hashes":1920321,"id":[170,178,0,39,108,184,201,246,77,15,126,111,88,92,136,238,206,196,77,237,119,14,65,100,82,197,177,107,89,61,95,168],"events":[]}
{"num_hashes":1819484,"id":[199,92,161,3,203,2,131,220,238,235,112,121,238,84,233,221,253,151,165,235,211,237,97,164,207,17,215,253,223,125,34,86],"events":[]}
{"num_hashes":1930358,"id":[72,179,249,219,61,177,143,128,110,56,10,34,76,171,98,50,47,94,1,217,250,134,100,211,138,244,97,34,7,204,176,222],"events":[]}
{"num_hashes":2009756,"id":[234,243,163,48,94,11,19,19,80,85,230,107,6,62,46,135,79,139,52,56,8,201,130,163,248,178,152,21,88,72,204,158],"events":[]}
{"num_hashes":1854554,"id":[37,100,202,121,98,50,200,109,183,247,53,170,185,49,254,222,119,112,72,210,84,254,197,34,69,177,157,62,190,161,184,11],"events":[]}
{"num_hashes":1999089,"id":[146,230,69,149,80,117,150,116,116,116,217,96,145,42,110,101,196,184,108,82,19,51,19,56,84,177,142,179,249,217,246,73],"events":[]}
{"num_hashes":1808873,"id":[177,202,191,110,236,20,1,225,162,63,229,217,202,109,148,54,206,57,120,207,204,24,201,76,185,82,165,139,51,197,194,220],"events":[]}
{"num_hashes":1995263,"id":[5,42,237,203,82,84,148,11,180,255,255,237,142,54,54,212,19,244,247,242,29,219,171,208,98,70,210,88,250,45,154,250],"events":[]}
{"num_hashes":1938957,"id":[115,159,132,209,47,217,203,104,9,82,115,213,126,243,151,237,189,144,206,59,116,101,217,171,57,72,112,232,25,64,45,97],"events":[]}
{"num_hashes":1868689,"id":[218,132,253,213,222,40,143,143,231,82,197,228,70,130,165,182,127,43,164,8,27,230,215,120,41,254,160,6,84,23,74,232],"events":[]}
{"num_hashes":2003229,"id":[48,93,185,135,18,145,155,154,94,13,131,217,193,244,53,21,141,127,139,146,214,65,150,10,179,116,219,160,206,160,108,189],"events":[]}
{"num_hashes":1980077,"id":[244,95,157,143,237,233,157,33,126,131,4,166,94,69,166,233,108,153,48,63,36,73,96,247,4,168,194,3,146,243,134,70],"events":[]}
{"num_hashes":1928042,"id":[29,255,20,138,253,213,156,198,186,99,95,244,244,42,179,19,156,134,23,0,216,48,117,105,123,121,181,57,196,227,122,249],"events":[]}
{"num_hashes":2055148,"id":[207,9,193,29,180,55,224,152,132,172,229,253,191,27,14,227,80,48,144,176,9,119,132,253,244,160,18,228,70,1,249,75],"events":[]}
{"num_hashes":1940868,"id":[155,229,150,36,242,214,220,29,78,213,135,82,154,40,4,164,113,142,152,224,62,223,8,141,36,15,26,239,236,118,97,167],"events":[]}
{"num_hashes":2019268,"id":[114,66,244,137,220,179,81,68,94,179,151,241,143,206,22,217,223,172,235,128,39,1,43,78,37,184,129,128,139,209,165,111],"events":[]}
{"num_hashes":2122411,"id":[206,59,239,190,148,90,63,149,1,232,37,234,55,88,240,58,182,231,234,157,107,71,176,90,196,251,13,23,178,246,19,19],"events":[]}
{"num_hashes":2019086,"id":[82,182,32,182,164,4,90,139,231,12,247,208,168,167,227,114,244,194,53,216,237,190,155,124,65,150,191,232,150,10,178,79],"events":[]}
{"num_hashes":2080075,"id":[254,1,67,174,76,165,167,190,130,245,136,108,125,145,76,116,91,91,210,9,153,39,207,72,252,255,139,62,72,143,198,182],"events":[]}
{"num_hashes":2014243,"id":[252,15,146,66,182,203,6,43,124,132,49,27,85,81,104,252,169,236,119,130,27,138,231,127,12,179,127,69,73,194,155,184],"events":[]}
{"num_hashes":1869261,"id":[151,158,58,246,117,208,65,88,192,59,206,152,56,213,175,142,149,11,142,100,100,104,145,31,32,255,30,40,117,204,233,212],"events":[]}
{"num_hashes":2111164,"id":[175,165,182,158,122,167,181,250,53,153,86,108,229,208,75,88,40,123,62,221,39,102,226,195,195,231,24,82,221,181,81,141],"events":[]}
{"num_hashes":2006123,"id":[157,241,238,153,101,132,13,177,39,38,246,112,195,45,134,155,9,216,255,185,241,150,66,164,73,238,132,212,178,165,176,53],"events":[]}
{"num_hashes":1995953,"id":[143,146,196,92,136,226,60,18,178,73,84,168,111,240,111,236,7,158,124,103,120,14,126,107,55,196,13,120,94,90,231,30],"events":[]}
{"num_hashes":1888883,"id":[117,153,88,242,26,97,153,22,118,91,113,9,198,135,200,36,93,203,76,37,2,37,153,153,54,218,73,206,174,176,0,194],"events":[]}
{"num_hashes":2035646,"id":[145,211,70,155,40,50,252,215,153,145,97,8,197,3,83,104,70,95,147,50,169,104,206,177,118,166,223,177,199,127,96,109],"events":[]}
{"num_hashes":2139081,"id":[194,122,14,91,116,26,244,253,175,13,173,212,18,101,44,185,248,146,149,186,93,34,60,121,249,197,237,85,103,159,110,180],"events":[]}
{"num_hashes":1962564,"id":[197,149,114,125,59,50,205,248,8,5,27,127,233,163,226,165,8,71,55,177,29,152,85,59,141,55,6,230,89,107,188,55],"events":[]}
{"num_hashes":1299819,"id":[197,151,204,154,218,18,109,106,234,160,114,124,223,219,48,158,69,114,61,228,66,166,235,195,189,99,126,99,245,106,250,81],"events":[]}
{"num_hashes":1034625,"id":[180,2,239,239,149,160,219,64,251,170,119,84,23,45,156,123,23,72,92,200,113,131,103,120,43,106,178,196,39,222,187,232],"events":[]}
{"num_hashes":1117869,"id":[204,158,214,208,182,53,126,23,214,109,77,252,115,206,243,25,11,220,12,220,207,106,95,230,212,241,189,226,234,188,48,87],"events":[]}
